<?xml version="1.0" encoding="UTF-8"?>
<testsuite xmlns:xsi="http://www.w3.org/2001/XMLSchema-instance" xsi:noNamespaceSchemaLocation="https://maven.apache.org/surefire/maven-surefire-plugin/xsd/surefire-test-report-3.0.xsd" version="3.0" name="com.example.LoginServletTest" time="6.786" tests="2" errors="0" skipped="0" failures="0">
  <properties>
[...]
</properties>
  <testcase name="testDoPost_validCredentials" classname="com.example.LoginServletTest" time="6.464"/>
  <testcase name="testDoPost_invalidCredentials" classname="com.example.LoginServletTest" time="0.183"/>
</testsuite>